<?xml version="1.0" encoding="UTF-8"?>
<testng-results ignored="0" total="0" passed="0" failed="0" skipped="0">
  <reporter-output>
  </reporter-output>
  <suite started-at="2026-03-18T01:00:22 ICT" name="Lab9-Bai3-Regression" finished-at="2026-03-18T01:00:23 ICT" duration-ms="1006">
    <groups>
    </groups>
    <test started-at="2026-03-18T01:00:22 ICT" name="Bai3-Regression" finished-at="2026-03-18T01:00:23 ICT" duration-ms="1006">
    </test> <!-- Bai3-Regression -->
  </suite> <!-- Lab9-Bai3-Regression -->
</testng-results>
