# JRE version: OpenJDK Runtime Environment Temurin-21.0.10+7 (21.0.10+7) (build 21.0.10+7-LTS)
# Java VM: OpenJDK 64-Bit Server VM Temurin-21.0.10+7 (21.0.10+7-LTS, mixed mode, sharing, tiered, compressed oops, compressed class ptrs, parallel gc, windows-amd64)
GC Precious Log:
 CardTable entry size: 512
 CPUs: 8 total, 8 available
 Memory: 12119M
 Large Page Support: Disabled
 NUMA Support: Disabled
 Compressed Oops: Enabled (32-bit)
 Alignments: Space 512K, Generation 512K, Heap 2M
 Heap Min Capacity: 100M
 Heap Initial Capacity: 100M
 Heap Max Capacity: 2G
 Pre-touch: Disabled
 Parallel Workers: 8
Heap:
 PSYoungGen      total 2048K, used 1493K [0x00000000d5580000, 0x00000000d5880000, 0x0000000100000000)
  eden space 1536K, 84% used [0x00000000d5580000,0x00000000d56c5780,0x00000000d5700000)
  from space 512K, 37% used [0x00000000d5780000,0x00000000d57b0000,0x00000000d5800000)
  to   space 512K, 0% used [0x00000000d5800000,0x00000000d5800000,0x00000000d5880000)
 ParOldGen       total 906752K, used 430191K [0x0000000080000000, 0x00000000b7580000, 0x00000000d5580000)
  object space 906752K, 47% used [0x0000000080000000,0x000000009a41bea0,0x00000000b7580000)
 Metaspace       used 88844K, committed 90816K, reserved 1179648K
  class space    used 9235K, committed 10176K, reserved 1048576K
GC Heap History (20 events):
Event: 6669.783 GC heap before
{Heap before GC invocations=1348 (full 4):
 PSYoungGen      total 2048K, used 2048K [0x00000000d5580000, 0x00000000d5900000, 0x0000000100000000)
  eden space 1536K, 100% used [0x00000000d5580000,0x00000000d5700000,0x00000000d5700000)
  from space 512K, 100% used [0x00000000d5780000,0x00000000d5800000,0x00000000d5800000)
  to   space 1024K, 0% used [0x00000000d5800000,0x00000000d5800000,0x00000000d5900000)
 ParOldGen       total 906752K, used 427542K [0x0000000080000000, 0x00000000b7580000, 0x00000000d5580000)
  object space 906752K, 47% used [0x0000000080000000,0x000000009a185900,0x00000000b7580000)
 Metaspace       used 88795K, committed 90816K, reserved 1179648K
  class space    used 9235K, committed 10176K, reserved 1048576K
}
Event: 6669.785 GC heap after
{Heap after GC invocations=1348 (full 4):
 PSYoungGen      total 2560K, used 512K [0x00000000d5580000, 0x00000000d5900000, 0x0000000100000000)
  eden space 1536K, 0% used [0x00000000d5580000,0x00000000d5580000,0x00000000d5700000)
  from space 1024K, 50% used [0x00000000d5800000,0x00000000d5880000,0x00000000d5900000)
  to   space 1024K, 0% used [0x00000000d5700000,0x00000000d5700000,0x00000000d5800000)
 ParOldGen       total 906752K, used 427986K [0x0000000080000000, 0x00000000b7580000, 0x00000000d5580000)
  object space 906752K, 47% used [0x0000000080000000,0x000000009a1f4910,0x00000000b7580000)
 Metaspace       used 88795K, committed 90816K, reserved 1179648K
  class space    used 9235K, committed 10176K, reserved 1048576K
}
Event: 6669.797 GC heap before
{Heap before GC invocations=1349 (full 4):
 PSYoungGen      total 2560K, used 2048K [0x00000000d5580000, 0x00000000d5900000, 0x0000000100000000)
  eden space 1536K, 100% used [0x00000000d5580000,0x00000000d5700000,0x00000000d5700000)
  from space 1024K, 50% used [0x00000000d5800000,0x00000000d5880000,0x00000000d5900000)
  to   space 1024K, 0% used [0x00000000d5700000,0x00000000d5700000,0x00000000d5800000)
 ParOldGen       total 906752K, used 427986K [0x0000000080000000, 0x00000000b7580000, 0x00000000d5580000)
  object space 906752K, 47% used [0x0000000080000000,0x000000009a1f4910,0x00000000b7580000)
 Metaspace       used 88806K, committed 90816K, reserved 1179648K
  class space    used 9235K, committed 10176K, reserved 1048576K
}
Event: 6669.799 GC heap after
{Heap after GC invocations=1349 (full 4):
 PSYoungGen      total 2560K, used 256K [0x00000000d5580000, 0x00000000d5880000, 0x0000000100000000)
  eden space 1536K, 0% used [0x00000000d5580000,0x00000000d5580000,0x00000000d5700000)
  from space 1024K, 25% used [0x00000000d5700000,0x00000000d5740000,0x00000000d5800000)
  to   space 512K, 0% used [0x00000000d5800000,0x00000000d5800000,0x00000000d5880000)
 ParOldGen       total 906752K, used 428348K [0x0000000080000000, 0x00000000b7580000, 0x00000000d5580000)
  object space 906752K, 47% used [0x0000000080000000,0x000000009a24f320,0x00000000b7580000)
 Metaspace       used 88806K, committed 90816K, reserved 1179648K
  class space    used 9235K, committed 10176K, reserved 1048576K
}
Event: 6669.939 GC heap before
{Heap before GC invocations=1350 (full 4):
 PSYoungGen      total 2560K, used 1787K [0x00000000d5580000, 0x00000000d5880000, 0x0000000100000000)
  eden space 1536K, 99% used [0x00000000d5580000,0x00000000d56fefc0,0x00000000d5700000)
  from space 1024K, 25% used [0x00000000d5700000,0x00000000d5740000,0x00000000d5800000)
  to   space 512K, 0% used [0x00000000d5800000,0x00000000d5800000,0x00000000d5880000)
 ParOldGen       total 906752K, used 428348K [0x0000000080000000, 0x00000000b7580000, 0x00000000d5580000)
  object space 906752K, 47% used [0x0000000080000000,0x000000009a24f320,0x00000000b7580000)
 Metaspace       used 88806K, committed 90816K, reserved 1179648K
  class space    used 9235K, committed 10176K, reserved 1048576K
}
Event: 6669.940 GC heap after
{Heap after GC invocations=1350 (full 4):
 PSYoungGen      total 2048K, used 192K [0x00000000d5580000, 0x00000000d5880000, 0x0000000100000000)
  eden space 1536K, 0% used [0x00000000d5580000,0x00000000d5580000,0x00000000d5700000)
  from space 512K, 37% used [0x00000000d5800000,0x00000000d5830000,0x00000000d5880000)
  to   space 512K, 0% used [0x00000000d5780000,0x00000000d5780000,0x00000000d5800000)
 ParOldGen       total 906752K, used 428372K [0x0000000080000000, 0x00000000b7580000, 0x00000000d5580000)
  object space 906752K, 47% used [0x0000000080000000,0x000000009a255320,0x00000000b7580000)
 Metaspace       used 88806K, committed 90816K, reserved 1179648K
  class space    used 9235K, committed 10176K, reserved 1048576K
}
Event: 6669.945 GC heap before
{Heap before GC invocations=1351 (full 4):
 PSYoungGen      total 2048K, used 1727K [0x00000000d5580000, 0x00000000d5880000, 0x0000000100000000)
  eden space 1536K, 99% used [0x00000000d5580000,0x00000000d56ffff8,0x00000000d5700000)
  from space 512K, 37% used [0x00000000d5800000,0x00000000d5830000,0x00000000d5880000)
  to   space 512K, 0% used [0x00000000d5780000,0x00000000d5780000,0x00000000d5800000)
 ParOldGen       total 906752K, used 428372K [0x0000000080000000, 0x00000000b7580000, 0x00000000d5580000)
  object space 906752K, 47% used [0x0000000080000000,0x000000009a255320,0x00000000b7580000)
 Metaspace       used 88808K, committed 90816K, reserved 1179648K
  class space    used 9235K, committed 10176K, reserved 1048576K
}
Event: 6669.946 GC heap after
{Heap after GC invocations=1351 (full 4):
 PSYoungGen      total 2048K, used 496K [0x00000000d5580000, 0x00000000d5900000, 0x0000000100000000)
  eden space 1536K, 0% used [0x00000000d5580000,0x00000000d5580000,0x00000000d5700000)
  from space 512K, 96% used [0x00000000d5780000,0x00000000d57fc010,0x00000000d5800000)
  to   space 1024K, 0% used [0x00000000d5800000,0x00000000d5800000,0x00000000d5900000)
 ParOldGen       total 906752K, used 428452K [0x0000000080000000, 0x00000000b7580000, 0x00000000d5580000)
  object space 906752K, 47% used [0x0000000080000000,0x000000009a269320,0x00000000b7580000)
 Metaspace       used 88808K, committed 90816K, reserved 1179648K
  class space    used 9235K, committed 10176K, reserved 1048576K
}
Event: 6669.952 GC heap before
{Heap before GC invocations=1352 (full 4):
 PSYoungGen      total 2048K, used 2032K [0x00000000d5580000, 0x00000000d5900000, 0x0000000100000000)
  eden space 1536K, 100% used [0x00000000d5580000,0x00000000d5700000,0x00000000d5700000)
  from space 512K, 96% used [0x00000000d5780000,0x00000000d57fc010,0x00000000d5800000)
  to   space 1024K, 0% used [0x00000000d5800000,0x00000000d5800000,0x00000000d5900000)
 ParOldGen       total 906752K, used 428452K [0x0000000080000000, 0x00000000b7580000, 0x00000000d5580000)
  object space 906752K, 47% used [0x0000000080000000,0x000000009a269320,0x00000000b7580000)
 Metaspace       used 88811K, committed 90816K, reserved 1179648K
  class space    used 9235K, committed 10176K, reserved 1048576K
}
Event: 6669.954 GC heap after
{Heap after GC invocations=1352 (full 4):
 PSYoungGen      total 2560K, used 672K [0x00000000d5580000, 0x00000000d5900000, 0x0000000100000000)
  eden space 1536K, 0% used [0x00000000d5580000,0x00000000d5580000,0x00000000d5700000)
  from space 1024K, 65% used [0x00000000d5800000,0x00000000d58a8000,0x00000000d5900000)
  to   space 1024K, 0% used [0x00000000d5700000,0x00000000d5700000,0x00000000d5800000)
 ParOldGen       total 906752K, used 428908K [0x0000000080000000, 0x00000000b7580000, 0x00000000d5580000)
  object space 906752K, 47% used [0x0000000080000000,0x000000009a2db150,0x00000000b7580000)
 Metaspace       used 88811K, committed 90816K, reserved 1179648K
  class space    used 9235K, committed 10176K, reserved 1048576K
}
Event: 6669.964 GC heap before
{Heap before GC invocations=1353 (full 4):
 PSYoungGen      total 2560K, used 2208K [0x00000000d5580000, 0x00000000d5900000, 0x0000000100000000)
  eden space 1536K, 100% used [0x00000000d5580000,0x00000000d5700000,0x00000000d5700000)
  from space 1024K, 65% used [0x00000000d5800000,0x00000000d58a8000,0x00000000d5900000)
  to   space 1024K, 0% used [0x00000000d5700000,0x00000000d5700000,0x00000000d5800000)
 ParOldGen       total 906752K, used 428908K [0x0000000080000000, 0x00000000b7580000, 0x00000000d5580000)
  object space 906752K, 47% used [0x0000000080000000,0x000000009a2db150,0x00000000b7580000)
 Metaspace       used 88824K, committed 90816K, reserved 1179648K
  class space    used 9235K, committed 10176K, reserved 1048576K
}
Event: 6669.965 GC heap after
{Heap after GC invocations=1353 (full 4):
 PSYoungGen      total 2560K, used 640K [0x00000000d5580000, 0x00000000d5900000, 0x0000000100000000)
  eden space 1536K, 0% used [0x00000000d5580000,0x00000000d5580000,0x00000000d5700000)
  from space 1024K, 62% used [0x00000000d5700000,0x00000000d57a0000,0x00000000d5800000)
  to   space 1024K, 0% used [0x00000000d5800000,0x00000000d5800000,0x00000000d5900000)
 ParOldGen       total 906752K, used 429457K [0x0000000080000000, 0x00000000b7580000, 0x00000000d5580000)
  object space 906752K, 47% used [0x0000000080000000,0x000000009a364700,0x00000000b7580000)
 Metaspace       used 88824K, committed 90816K, reserved 1179648K
  class space    used 9235K, committed 10176K, reserved 1048576K
}
Event: 6670.285 GC heap before
{Heap before GC invocations=1354 (full 4):
 PSYoungGen      total 2560K, used 2176K [0x00000000d5580000, 0x00000000d5900000, 0x0000000100000000)
  eden space 1536K, 100% used [0x00000000d5580000,0x00000000d5700000,0x00000000d5700000)
  from space 1024K, 62% used [0x00000000d5700000,0x00000000d57a0000,0x00000000d5800000)
  to   space 1024K, 0% used [0x00000000d5800000,0x00000000d5800000,0x00000000d5900000)
 ParOldGen       total 906752K, used 429457K [0x0000000080000000, 0x00000000b7580000, 0x00000000d5580000)
  object space 906752K, 47% used [0x0000000080000000,0x000000009a364700,0x00000000b7580000)
 Metaspace       used 88831K, committed 90816K, reserved 1179648K
  class space    used 9235K, committed 10176K, reserved 1048576K
}
Event: 6670.293 GC heap after
{Heap after GC invocations=1354 (full 4):
 PSYoungGen      total 2048K, used 320K [0x00000000d5580000, 0x00000000d5880000, 0x0000000100000000)
  eden space 1536K, 0% used [0x00000000d5580000,0x00000000d5580000,0x00000000d5700000)
  from space 512K, 62% used [0x00000000d5800000,0x00000000d5850000,0x00000000d5880000)
  to   space 512K, 0% used [0x00000000d5780000,0x00000000d5780000,0x00000000d5800000)
 ParOldGen       total 906752K, used 430017K [0x0000000080000000, 0x00000000b7580000, 0x00000000d5580000)
  object space 906752K, 47% used [0x0000000080000000,0x000000009a3f0720,0x00000000b7580000)
 Metaspace       used 88831K, committed 90816K, reserved 1179648K
  class space    used 9235K, committed 10176K, reserved 1048576K
}
Event: 6670.590 GC heap before
{Heap before GC invocations=1355 (full 4):
 PSYoungGen      total 2048K, used 1856K [0x00000000d5580000, 0x00000000d5880000, 0x0000000100000000)
  eden space 1536K, 100% used [0x00000000d5580000,0x00000000d5700000,0x00000000d5700000)
  from space 512K, 62% used [0x00000000d5800000,0x00000000d5850000,0x00000000d5880000)
  to   space 512K, 0% used [0x00000000d5780000,0x00000000d5780000,0x00000000d5800000)
 ParOldGen       total 906752K, used 430017K [0x0000000080000000, 0x00000000b7580000, 0x00000000d5580000)
  object space 906752K, 47% used [0x0000000080000000,0x000000009a3f0720,0x00000000b7580000)
 Metaspace       used 88831K, committed 90816K, reserved 1179648K
  class space    used 9235K, committed 10176K, reserved 1048576K
}
Event: 6670.592 GC heap after
{Heap after GC invocations=1355 (full 4):
 PSYoungGen      total 2048K, used 192K [0x00000000d5580000, 0x00000000d5880000, 0x0000000100000000)
  eden space 1536K, 0% used [0x00000000d5580000,0x00000000d5580000,0x00000000d5700000)
  from space 512K, 37% used [0x00000000d5780000,0x00000000d57b0000,0x00000000d5800000)
  to   space 512K, 0% used [0x00000000d5800000,0x00000000d5800000,0x00000000d5880000)
 ParOldGen       total 906752K, used 430095K [0x0000000080000000, 0x00000000b7580000, 0x00000000d5580000)
  object space 906752K, 47% used [0x0000000080000000,0x000000009a403ea0,0x00000000b7580000)
 Metaspace       used 88831K, committed 90816K, reserved 1179648K
  class space    used 9235K, committed 10176K, reserved 1048576K
}
Event: 6683.933 GC heap before
{Heap before GC invocations=1356 (full 4):
 PSYoungGen      total 2048K, used 1728K [0x00000000d5580000, 0x00000000d5880000, 0x0000000100000000)
  eden space 1536K, 100% used [0x00000000d5580000,0x00000000d5700000,0x00000000d5700000)
  from space 512K, 37% used [0x00000000d5780000,0x00000000d57b0000,0x00000000d5800000)
  to   space 512K, 0% used [0x00000000d5800000,0x00000000d5800000,0x00000000d5880000)
 ParOldGen       total 906752K, used 430095K [0x0000000080000000, 0x00000000b7580000, 0x00000000d5580000)
  object space 906752K, 47% used [0x0000000080000000,0x000000009a403ea0,0x00000000b7580000)
 Metaspace       used 88832K, committed 90816K, reserved 1179648K
  class space    used 9235K, committed 10176K, reserved 1048576K
}
Event: 6683.935 GC heap after
{Heap after GC invocations=1356 (full 4):
 PSYoungGen      total 2048K, used 160K [0x00000000d5580000, 0x00000000d5880000, 0x0000000100000000)
  eden space 1536K, 0% used [0x00000000d5580000,0x00000000d5580000,0x00000000d5700000)
  from space 512K, 31% used [0x00000000d5800000,0x00000000d5828000,0x00000000d5880000)
  to   space 512K, 0% used [0x00000000d5780000,0x00000000d5780000,0x00000000d5800000)
 ParOldGen       total 906752K, used 430127K [0x0000000080000000, 0x00000000b7580000, 0x00000000d5580000)
  object space 906752K, 47% used [0x0000000080000000,0x000000009a40bea0,0x00000000b7580000)
 Metaspace       used 88832K, committed 90816K, reserved 1179648K
  class space    used 9235K, committed 10176K, reserved 1048576K
}
Event: 6775.452 GC heap before
{Heap before GC invocations=1357 (full 4):
 PSYoungGen      total 2048K, used 1696K [0x00000000d5580000, 0x00000000d5880000, 0x0000000100000000)
  eden space 1536K, 100% used [0x00000000d5580000,0x00000000d5700000,0x00000000d5700000)
  from space 512K, 31% used [0x00000000d5800000,0x00000000d5828000,0x00000000d5880000)
  to   space 512K, 0% used [0x00000000d5780000,0x00000000d5780000,0x00000000d5800000)
 ParOldGen       total 906752K, used 430127K [0x0000000080000000, 0x00000000b7580000, 0x00000000d5580000)
  object space 906752K, 47% used [0x0000000080000000,0x000000009a40bea0,0x00000000b7580000)
 Metaspace       used 88834K, committed 90816K, reserved 1179648K
  class space    used 9235K, committed 10176K, reserved 1048576K
}
Event: 6775.454 GC heap after
{Heap after GC invocations=1357 (full 4):
 PSYoungGen      total 2048K, used 192K [0x00000000d5580000, 0x00000000d5880000, 0x0000000100000000)
  eden space 1536K, 0% used [0x00000000d5580000,0x00000000d5580000,0x00000000d5700000)
  from space 512K, 37% used [0x00000000d5780000,0x00000000d57b0000,0x00000000d5800000)
  to   space 512K, 0% used [0x00000000d5800000,0x00000000d5800000,0x00000000d5880000)
 ParOldGen       total 906752K, used 430191K [0x0000000080000000, 0x00000000b7580000, 0x00000000d5580000)
  object space 906752K, 47% used [0x0000000080000000,0x000000009a41bea0,0x00000000b7580000)
 Metaspace       used 88834K, committed 90816K, reserved 1179648K
  class space    used 9235K, committed 10176K, reserved 1048576K
}

